app/build/intermediates/manifest_merge_blame_file/debug/manifest-merger-blame-debug-report.txt
1<?xml version="1.0" encoding="utf-8"?>
2<manifest xmlns:android="http://schemas.android.com/apk/res/android"
3    package="com.example.multiple_screens_appjava"
4    android:versionCode="1"
5    android:versionName="1.0" >
6
7    <uses-sdk
8        android:minSdkVersion="19"
8-->src\main\AndroidManifest.xml
9        android:targetSdkVersion="30" />
9-->src\main\AndroidManifest.xml
10
11    <resources>
11-->src\main\AndroidManifest.xml:27:5-33:17
12        <string-array android:name="password_complexity_options" >
12-->src\main\AndroidManifest.xml:28:9-32:24
12-->src\main\AndroidManifest.xml:28:23-65
13            <item>
13-->src\main\AndroidManifest.xml:29:13-30
14Easy
15            </item>
16            <item>
16-->src\main\AndroidManifest.xml:29:13-30
17Medium
18            </item>
19            <item>
19-->src\main\AndroidManifest.xml:29:13-30
20Hard
21            </item>
22        </string-array>
23    </resources>
24
25    <!-- Include required permissions for Google Maps API to run. -->
26    <uses-permission android:name="android.permission.ACCESS_NETWORK_STATE" />
26-->[com.google.android.gms:play-services-maps:17.0.0] AndroidManifest.xml:23:5-79
26-->[com.google.android.gms:play-services-maps:17.0.0] AndroidManifest.xml:23:22-76
27    <uses-permission android:name="android.permission.INTERNET" />
27-->[com.google.android.gms:play-services-maps:17.0.0] AndroidManifest.xml:24:5-67
27-->[com.google.android.gms:play-services-maps:17.0.0] AndroidManifest.xml:24:22-64
28
29    <uses-feature
29-->[com.google.android.gms:play-services-maps:17.0.0] AndroidManifest.xml:26:5-28:35
30        android:glEsVersion="0x00020000"
30-->[com.google.android.gms:play-services-maps:17.0.0] AndroidManifest.xml:27:9-41
31        android:required="true" />
31-->[com.google.android.gms:play-services-maps:17.0.0] AndroidManifest.xml:28:9-32
32
33    <application
33-->src\main\AndroidManifest.xml:6:5-26:19
34        android:allowBackup="true"
34-->src\main\AndroidManifest.xml:7:9-35
35        android:appComponentFactory="androidx.core.app.CoreComponentFactory"
35-->[androidx.core:core:1.5.0] AndroidManifest.xml:24:18-86
36        android:debuggable="true"
37        android:icon="@mipmap/ic_launcher"
37-->src\main\AndroidManifest.xml:8:9-43
38        android:label="@string/app_name"
38-->src\main\AndroidManifest.xml:9:9-41
39        android:roundIcon="@mipmap/ic_launcher_round"
39-->src\main\AndroidManifest.xml:10:9-54
40        android:supportsRtl="true"
40-->src\main\AndroidManifest.xml:11:9-35
41        android:testOnly="true"
42        android:theme="@style/Theme.One_Vault_AppJava" >
42-->src\main\AndroidManifest.xml:12:9-55
43        <activity android:name="com.example.multiple_screens_appjava.MasterPage" />
43-->src\main\AndroidManifest.xml:13:9-57
43-->src\main\AndroidManifest.xml:13:19-45
44        <activity android:name="com.example.multiple_screens_appjava.Registration" />
44-->src\main\AndroidManifest.xml:14:9-59
44-->src\main\AndroidManifest.xml:14:19-47
45        <activity android:name="com.example.multiple_screens_appjava.ThirdPage" />
45-->src\main\AndroidManifest.xml:15:9-56
45-->src\main\AndroidManifest.xml:15:19-44
46        <activity android:name="com.example.multiple_screens_appjava.SecondPage" />
46-->src\main\AndroidManifest.xml:16:9-48
46-->src\main\AndroidManifest.xml:16:19-45
47        <activity android:name="com.example.multiple_screens_appjava.MainActivity" >
47-->src\main\AndroidManifest.xml:17:9-25:20
47-->src\main\AndroidManifest.xml:17:19-47
48            <intent-filter>
48-->src\main\AndroidManifest.xml:18:13-22:29
49                <action android:name="android.intent.action.MAIN" />
49-->src\main\AndroidManifest.xml:19:17-69
49-->src\main\AndroidManifest.xml:19:25-66
50
51                <category android:name="android.intent.category.LAUNCHER" />
51-->src\main\AndroidManifest.xml:21:17-77
51-->src\main\AndroidManifest.xml:21:27-74
52            </intent-filter>
53        </activity>
54        <!-- Needs to be explicitly declared on P+ -->
55        <uses-library
55-->[com.google.android.gms:play-services-maps:17.0.0] AndroidManifest.xml:33:9-35:40
56            android:name="org.apache.http.legacy"
56-->[com.google.android.gms:play-services-maps:17.0.0] AndroidManifest.xml:34:13-50
57            android:required="false" />
57-->[com.google.android.gms:play-services-maps:17.0.0] AndroidManifest.xml:35:13-37
58
59        <activity
59-->[com.google.android.gms:play-services-base:17.0.0] AndroidManifest.xml:23:9-26:75
60            android:name="com.google.android.gms.common.api.GoogleApiActivity"
60-->[com.google.android.gms:play-services-base:17.0.0] AndroidManifest.xml:24:13-79
61            android:exported="false"
61-->[com.google.android.gms:play-services-base:17.0.0] AndroidManifest.xml:25:13-37
62            android:theme="@android:style/Theme.Translucent.NoTitleBar" />
62-->[com.google.android.gms:play-services-base:17.0.0] AndroidManifest.xml:26:13-72
63
64        <meta-data
64-->[com.google.android.gms:play-services-basement:17.0.0] AndroidManifest.xml:23:9-25:69
65            android:name="com.google.android.gms.version"
65-->[com.google.android.gms:play-services-basement:17.0.0] AndroidManifest.xml:24:13-58
66            android:value="@integer/google_play_services_version" />
66-->[com.google.android.gms:play-services-basement:17.0.0] AndroidManifest.xml:25:13-66
67    </application>
68
69</manifest>